[26-04-2025 17:32:34] Hi bala response:  NaN
[26-04-2025 17:32:34] Error code:  5003
[26-04-2025 17:32:52] SOUR/MEAS response:  NaN
[26-04-2025 17:32:52] Error code:  5007
[26-04-2025 17:33:09]  SOUR:VOLT:DC 5 response:  NaN
[26-04-2025 17:33:09] Error code:  5003
[26-04-2025 17:33:21] SOUR:VOLT:DC 5 response:  NaN
[26-04-2025 17:33:22] SOUR:VOLT:DC 5 response:  NaN
[26-04-2025 17:33:22] SOUR:VOLT:DC 5 response:  NaN
[26-04-2025 17:33:22] SOUR:VOLT:DC 5 response:  NaN
[26-04-2025 17:33:23] SOUR:VOLT:DC 5 response:  NaN
[26-04-2025 17:33:23] SOUR:VOLT:DC 5 response:  NaN
[26-04-2025 17:33:23] SOUR:VOLT:DC 5 response:  NaN
[26-04-2025 17:33:23] SOUR:VOLT:DC 5 response:  NaN
[26-04-2025 17:33:23] SOUR:VOLT:DC 5 response:  NaN
[26-04-2025 17:33:23] SOUR:VOLT:DC 5 response:  NaN
[26-04-2025 17:33:24] SOUR:VOLT:DC 5 response:  NaN
[26-04-2025 17:33:24] SOUR:VOLT:DC 5 response:  NaN
[26-04-2025 17:33:24] SOUR:VOLT:DC 5 response:  NaN
[26-04-2025 17:33:24] SOUR:VOLT:DC 5 response:  NaN
[26-04-2025 17:33:24] SOUR:VOLT:DC 5 response:  NaN
[26-04-2025 17:33:25] SOUR:VOLT:DC 5 response:  NaN
[26-04-2025 17:33:25] SOUR:VOLT:DC 5 response:  NaN
[26-04-2025 17:33:25] SOUR:VOLT:DC 5 response:  NaN
[26-04-2025 17:33:25] SOUR:VOLT:DC 5 response:  NaN
[26-04-2025 17:33:25] SOUR:VOLT:DC 5 response:  NaN
[26-04-2025 17:33:25] SOUR:VOLT:DC 5 response:  NaN
[26-04-2025 17:33:26] SOUR:VOLT:DC 5 response:  NaN
[26-04-2025 17:33:28] SOUR:VOLT:DC 5 response:  NaN
[26-04-2025 17:33:28] SOUR:VOLT:DC 5 response:  NaN
[26-04-2025 17:33:28] SOUR:VOLT:DC 5 response:  NaN
[26-04-2025 17:33:39] MEAS:VOLT:DC 5 response:  NaN
[26-04-2025 17:33:39] Error code:  5005
[26-04-2025 17:33:47] MEAS:VOLT:DC response:  NaN
[26-04-2025 17:33:47] Error code:  5005
[26-04-2025 17:33:52] MEAS:VOLT:DC? response:  5.500000
[26-04-2025 17:33:53] MEAS:VOLT:DC? response:  5.500000
[26-04-2025 17:33:53] MEAS:VOLT:DC? response:  5.500000
[26-04-2025 17:33:53] MEAS:VOLT:DC? response:  5.500000
[26-04-2025 17:33:53] MEAS:VOLT:DC? response:  5.500000
[26-04-2025 17:33:54] MEAS:VOLT:DC? response:  5.500000
[26-04-2025 17:33:54] MEAS:VOLT:DC? response:  5.500000
[26-04-2025 17:33:54] MEAS:VOLT:DC? response:  5.500000
[26-04-2025 17:33:54] MEAS:VOLT:DC? response:  5.500000
[26-04-2025 17:33:54] MEAS:VOLT:DC? response:  5.500000
[26-04-2025 17:33:54] MEAS:VOLT:DC? response:  5.500000
[26-04-2025 17:36:55] HI BALA response:  NaN
[26-04-2025 17:36:55] Error code:  5003
[26-04-2025 17:38:22]  SOUR/MEAS response:  NaN
[26-04-2025 17:38:22] Error code:  5005
[26-04-2025 17:39:20]  MEAS:VOLT:DC? response:  5.500000
[26-04-2025 17:39:36] MEAS:VOLT:DC? response:  5.500000
[26-04-2025 17:39:36] MEAS:VOLT:DC? response:  5.500000
[26-04-2025 17:39:37] MEAS:VOLT:DC? response:  5.500000
[26-04-2025 17:39:37] MEAS:VOLT:DC? response:  5.500000
[26-04-2025 17:39:37] MEAS:VOLT:DC? response:  5.500000
[26-04-2025 17:39:43] MEAS:VOLT:DC? response:  5.500000
[26-04-2025 17:39:44] MEAS:VOLT:DC? response:  5.500000
[26-04-2025 17:39:44] MEAS:VOLT:DC? response:  5.500000
[26-04-2025 17:51:21] NRFHYUTMFRYJMF response:  NaN
[26-04-2025 17:51:21] Error code:  5003
[26-04-2025 17:51:38] SOUR/MEAS response:  NaN
[26-04-2025 17:51:38] Error code:  5007
[26-04-2025 17:51:52] SOUR:VOLT:DC 5 response:  NaN
